Virtual User Script started at: 13.02.2020 7:42:08
Starting action vuser_init.
Web Turbo Replay of LoadRunner 12.60.0 for Windows 7; build 971 (авг 09 2018 11:27:13)  	[MsgId: MMSG-26983]
Run mode: HTML  	[MsgId: MMSG-26993]
Replay user agent: Mozilla/5.0 (Windows NT 6.1; Win64; x64) AppleWebKit/537.36 (KHTML, like Gecko) Chrome/80.0.3987.87 Safari/537.36  	[MsgId: MMSG-26988]
Runtime Settings file: "C:\Users\lol\Documents\VuGen\Scripts\VK_ADD_PHOTO_TEST_5\\default.cfg"  	[MsgId: MMSG-27141]
Ending action vuser_init.
Running Vuser...
Starting iteration 1.
Maximum number of concurrent connections per server: 6  	[MsgId: MMSG-26989]
Starting action Action.
Action.c(3): Notify: Transaction "0_homepage" started.
Action.c(5): web_set_sockets_option started  	[MsgId: MMSG-26355]
Action.c(5): web_set_sockets_option was successful  	[MsgId: MMSG-26392]
Action.c(7): web_add_auto_header("DNT") started  	[MsgId: MMSG-26355]
Action.c(7): web_add_auto_header("DNT") was successful  	[MsgId: MMSG-26392]
Action.c(10): web_add_auto_header("Upgrade-Insecure-Requests") started  	[MsgId: MMSG-26355]
Action.c(10): web_add_auto_header("Upgrade-Insecure-Requests") was successful  	[MsgId: MMSG-26392]
Action.c(19): web_reg_save_param_regexp started  	[MsgId: MMSG-26355]
Action.c(19): Registering web_reg_save_param_regexp was successful  	[MsgId: MMSG-26390]
Action.c(34): web_reg_save_param_regexp started  	[MsgId: MMSG-26355]
Action.c(34): Registering web_reg_save_param_regexp was successful  	[MsgId: MMSG-26390]
Action.c(43): web_reg_find started  	[MsgId: MMSG-26355]
Action.c(43): Registering web_reg_find was successful  	[MsgId: MMSG-26390]
Action.c(45): web_url("vk.com") started  	[MsgId: MMSG-26355]
Action.c(45): Found resource "https://vk.com/css/al/common.css?78512642150" in HTML "https://vk.com/"  	[MsgId: MMSG-26659]
Action.c(45): Found resource "https://vk.com/css/al/base.css?1" in HTML "https://vk.com/"  	[MsgId: MMSG-26659]
Action.c(45): Found resource "https://vk.com/css/al/fonts_utf.css?1" in HTML "https://vk.com/"  	[MsgId: MMSG-26659]
Action.c(45): Found resource "https://vk.com/css/al/fonts_cnt.css?6906461068" in HTML "https://vk.com/"  	[MsgId: MMSG-26659]
Action.c(45): Found resource "https://vk.com/css/al/index.css?26421012089" in HTML "https://vk.com/"  	[MsgId: MMSG-26659]
Action.c(45): Found resource "https://vk.com/css/al/login.css?34695318047" in HTML "https://vk.com/"  	[MsgId: MMSG-26659]
Action.c(45): Found resource "https://vk.com/css/ui_controls.css?23624132863" in HTML "https://vk.com/"  	[MsgId: MMSG-26659]
Action.c(45): Found resource "https://vk.com/css/al/ui_common.css?21938866008" in HTML "https://vk.com/"  	[MsgId: MMSG-26659]
Action.c(45): Found resource "https://vk.com/js/loader_nav16084115_0.js" in HTML "https://vk.com/"  	[MsgId: MMSG-26659]
Action.c(45): Found resource "https://vk.com/js/cmodules/bundles/audioplayer.a2bcf5cd167220bca5c1.js?806c0812db4504deb56e" in HTML "https://vk.com/"  	[MsgId: MMSG-26659]
Action.c(45): Found resource "https://vk.com/js/cmodules/bundles/common.03f30211b5520cead136.js?2ccb0ce9a1fab3ae1962" in HTML "https://vk.com/"  	[MsgId: MMSG-26659]
Action.c(45): Found resource "https://vk.com/js/cmodules/web/common_web.461df297c081df34980c.js?44d14cb771b28aff1d1bf657c966e497" in HTML "https://vk.com/"  	[MsgId: MMSG-26659]
Action.c(45): Found resource "https://vk.com/js/lang0_0.js?26359482" in HTML "https://vk.com/"  	[MsgId: MMSG-26659]
Action.c(45): Found resource "https://vk.com/js/lib/px.js?ch=1" in HTML "https://vk.com/"  	[MsgId: MMSG-26659]
Action.c(45): Found resource "https://vk.com/js/lib/px.js?ch=2" in HTML "https://vk.com/"  	[MsgId: MMSG-26659]
Action.c(45): Found resource "https://vk.com/js/cmodules/web/index.2dfd77f8d27c543c26c7.js?05243ef333f025db60ee4e481dd47d1f" in HTML "https://vk.com/"  	[MsgId: MMSG-26659]
Action.c(45): Found resource "https://vk.com/js/lib/ui_controls.js?847549402" in HTML "https://vk.com/"  	[MsgId: MMSG-26659]
Action.c(45): Found resource "https://vk.com/js/cmodules/web/time_spent.10cb2e76ce9c3da97b28.js?8391bb65d560db0e5115" in HTML "https://vk.com/"  	[MsgId: MMSG-26659]
Action.c(45): Found resource "https://vk.com/js/cmodules/web/page_layout.c24813bab9859633659b.js?2ac4f93f50318b94d97f" in HTML "https://vk.com/"  	[MsgId: MMSG-26659]
Action.c(45): Found resource "https://vk.com/js/cmodules/bundles/6f8e323c10c73c1d3201e061de48a706.3a587b6a7b84fae81003.js?99c22e8228dd19ecbae7" in HTML "https://vk.com/"  	[MsgId: MMSG-26659]
Action.c(45): Found resource "https://vk.com/js/cmodules/web/ui_common.63e77cc0588a65f4963b.js?adad1034733877c82492a7832b73fd14" in HTML "https://vk.com/"  	[MsgId: MMSG-26659]
Action.c(45): Found resource "https://vk.com/js/cmodules/web/likes.641ad33059d5abc81fe3.js?646c0c29843d2b7f36bca33af97c8e51" in HTML "https://vk.com/"  	[MsgId: MMSG-26659]
Action.c(45): Found resource "https://vk.com/js/cmodules/web/grip.2087c2f9439be42e0de4.js?7c05e6cf5924f34f4439dac108e36e8d" in HTML "https://vk.com/"  	[MsgId: MMSG-26659]
Action.c(45): Registered web_reg_find successful for "Text=Впервые ВКонтакте?" (count=1)  	[MsgId: MMSG-26364]
Action.c(45): web_url("vk.com") was successful, 794455 body bytes, 9636 header bytes  	[MsgId: MMSG-26386]
Action.c(55): web_websocket_send started  	[MsgId: MMSG-26355]
Action.c(55): Warning -35046: The WebSocket whose ID is "0" is not connected  	[MsgId: MWAR-35046]
Action.c(55): web_websocket_send highest severity level was "warning"  	[MsgId: MMSG-26391]
Action.c(62): Notify: Transaction "0_homepage" ended with a "Pass" status (Duration: 0,8883 Wasted Time: 0,2554).
Action.c(65): Notify: Transaction "1_login" started.
Action.c(67): web_remove_auto_header("Upgrade-Insecure-Requests") started  	[MsgId: MMSG-26355]
Action.c(67): Previous automatically added web header for "Upgrade-Insecure-Requests" removed  	[MsgId: MMSG-26587]
Action.c(67): web_remove/revert_auto_header("Upgrade-Insecure-Requests") was successful  	[MsgId: MMSG-26392]
Action.c(69): web_add_auto_header("Origin") started  	[MsgId: MMSG-26355]
Action.c(69): web_add_auto_header("Origin") was successful  	[MsgId: MMSG-26392]
Action.c(78): web_reg_save_param_regexp started  	[MsgId: MMSG-26355]
Action.c(78): Registering web_reg_save_param_regexp was successful  	[MsgId: MMSG-26390]
Action.c(88): web_submit_data("login.vk.com") started  	[MsgId: MMSG-26355]
Action.c(88): Redirecting "https://login.vk.com/?act=login" (redirection depth is 0)  	[MsgId: MMSG-26694]
Action.c(88): To location "https://vk.com/login.php?act=slogin&to=&s=1&__q_hash=660d1526c88d4f587e319a77ce461503"  	[MsgId: MMSG-26693]
Action.c(88): web_submit_data("login.vk.com") was successful, 740 body bytes, 2502 header bytes  	[MsgId: MMSG-26386]
Action.c(112): web_remove_auto_header("Origin") started  	[MsgId: MMSG-26355]
Action.c(112): Previous automatically added web header for "Origin" removed  	[MsgId: MMSG-26587]
Action.c(112): web_remove/revert_auto_header("Origin") was successful  	[MsgId: MMSG-26392]
Action.c(114): web_add_header("X-Requested-With") started  	[MsgId: MMSG-26355]
Action.c(114): web_add_header("X-Requested-With") was successful  	[MsgId: MMSG-26392]
Action.c(117): web_submit_data("al_im.php") started  	[MsgId: MMSG-26355]
Action.c(117): web_submit_data("al_im.php") was successful, 81 body bytes, 341 header bytes  	[MsgId: MMSG-26386]
Action.c(130): web_add_header("Upgrade-Insecure-Requests") started  	[MsgId: MMSG-26355]
Action.c(130): web_add_header("Upgrade-Insecure-Requests") was successful  	[MsgId: MMSG-26392]
Action.c(139): web_reg_save_param_regexp started  	[MsgId: MMSG-26355]
Action.c(139): Registering web_reg_save_param_regexp was successful  	[MsgId: MMSG-26390]
Action.c(146): web_reg_find started  	[MsgId: MMSG-26355]
Action.c(146): Registering web_reg_find was successful  	[MsgId: MMSG-26390]
Action.c(148): web_url("vk.com_2") started  	[MsgId: MMSG-26355]
Action.c(148): Redirecting "https://vk.com/" (redirection depth is 0)  	[MsgId: MMSG-26694]
Action.c(148): To location "https://vk.com/feed"  	[MsgId: MMSG-26693]
Action.c(148): Resource "https://vk.com/css/al/common.css?78512642150" is in the cache already and will not be downloaded again  	[MsgId: MMSG-26655]
Action.c(148): Resource "https://vk.com/css/al/base.css?1" is in the cache already and will not be downloaded again  	[MsgId: MMSG-26655]
Action.c(148): Resource "https://vk.com/css/al/fonts_utf.css?1" is in the cache already and will not be downloaded again  	[MsgId: MMSG-26655]
Action.c(148): Resource "https://vk.com/css/al/fonts_cnt.css?6906461068" is in the cache already and will not be downloaded again  	[MsgId: MMSG-26655]
Action.c(148): Resource "https://vk.com/css/ui_controls.css?23624132863" is in the cache already and will not be downloaded again  	[MsgId: MMSG-26655]
Action.c(148): Found resource "https://vk.com/css/al/module.css?28818865955" in HTML "https://vk.com/feed"  	[MsgId: MMSG-26659]
Action.c(148): Found resource "https://vk.com/css/al/feed_assistance.css?1" in HTML "https://vk.com/feed"  	[MsgId: MMSG-26659]
Action.c(148): Found resource "https://vk.com/css/al/apps_feed_blocks.css?22479373072" in HTML "https://vk.com/feed"  	[MsgId: MMSG-26659]
Action.c(148): Resource "https://vk.com/css/al/ui_common.css?21938866008" is in the cache already and will not be downloaded again  	[MsgId: MMSG-26655]
Action.c(148): Found resource "https://vk.com/css/al/ui_media_selector.css?40737804953" in HTML "https://vk.com/feed"  	[MsgId: MMSG-26659]
Action.c(148): Found resource "https://vk.com/css/al/notifier.css?40248178530" in HTML "https://vk.com/feed"  	[MsgId: MMSG-26659]
Action.c(148): Found resource "https://vk.com/css/al/stories.css?31100889784" in HTML "https://vk.com/feed"  	[MsgId: MMSG-26659]
Action.c(148): Found resource "https://vk.com/css/al/photo_editor.css?1" in HTML "https://vk.com/feed"  	[MsgId: MMSG-26659]
Action.c(148): Found resource "https://vk.com/css/al/page.css?107853537704" in HTML "https://vk.com/feed"  	[MsgId: MMSG-26659]
Action.c(148): Found resource "https://vk.com/css/al/feed.css?35487721592" in HTML "https://vk.com/feed"  	[MsgId: MMSG-26659]
Action.c(148): Found resource "https://vk.com/css/al/post.css?36132082586" in HTML "https://vk.com/feed"  	[MsgId: MMSG-26659]
Action.c(148): Found resource "https://vk.com/css/al/mrtarg.css?3142794554" in HTML "https://vk.com/feed"  	[MsgId: MMSG-26659]
Action.c(148): Resource "https://vk.com/js/loader_nav16084115_0.js" is in the cache already and will not be downloaded again  	[MsgId: MMSG-26655]
Action.c(148): Resource "https://vk.com/js/cmodules/bundles/audioplayer.a2bcf5cd167220bca5c1.js?806c0812db4504deb56e" is in the cache already and will not be downloaded again  	[MsgId: MMSG-26655]
Action.c(148): Resource "https://vk.com/js/cmodules/bundles/common.03f30211b5520cead136.js?2ccb0ce9a1fab3ae1962" is in the cache already and will not be downloaded again  	[MsgId: MMSG-26655]
Action.c(148): Resource "https://vk.com/js/cmodules/web/common_web.461df297c081df34980c.js?44d14cb771b28aff1d1bf657c966e497" is in the cache already and will not be downloaded again  	[MsgId: MMSG-26655]
Action.c(148): Resource "https://vk.com/js/lang0_0.js?26359482" is in the cache already and will not be downloaded again  	[MsgId: MMSG-26655]
Action.c(148): Resource "https://vk.com/js/lib/px.js?ch=1" is in the cache already and will not be downloaded again  	[MsgId: MMSG-26655]
Action.c(148): Resource "https://vk.com/js/lib/px.js?ch=2" is in the cache already and will not be downloaded again  	[MsgId: MMSG-26655]
Action.c(148): Found resource "https://vk.com/js/cmodules/web/friends_search.7c86efb54ec48da9ef54.js?e9b1b47102d5841725bc" in HTML "https://vk.com/feed"  	[MsgId: MMSG-26659]
Action.c(148): Found resource "https://vk.com/js/lib/selects.js?1210191112" in HTML "https://vk.com/feed"  	[MsgId: MMSG-26659]
Action.c(148): Resource "https://vk.com/js/lib/ui_controls.js?847549402" is in the cache already and will not be downloaded again  	[MsgId: MMSG-26655]
Action.c(148): Found resource "https://vk.com/js/cmodules/web/auto_list.2ed81ed231a427f29bbb.js?83ac5a12e74b511f9de14ffc5df0c962" in HTML "https://vk.com/feed"  	[MsgId: MMSG-26659]
Action.c(148): Found resource "https://vk.com/js/cmodules/web/feed_assistance.0041760f37a628b4df08.js?80a910d6875e1336cf2b18a75ed1d6a5" in HTML "https://vk.com/feed"  	[MsgId: MMSG-26659]
Action.c(148): Resource "https://vk.com/js/cmodules/bundles/6f8e323c10c73c1d3201e061de48a706.3a587b6a7b84fae81003.js?99c22e8228dd19ecbae7" is in the cache already and will not be downloaded again  	[MsgId: MMSG-26655]
Action.c(148): Resource "https://vk.com/js/cmodules/web/ui_common.63e77cc0588a65f4963b.js?adad1034733877c82492a7832b73fd14" is in the cache already and will not be downloaded again  	[MsgId: MMSG-26655]
Action.c(148): Found resource "https://vk.com/js/cmodules/bundles/7ff0c31fd89ceca852f0cf5e2f61c8c8.82af4873aae9113399de.js?7ad525e8c5beefe0e301" in HTML "https://vk.com/feed"  	[MsgId: MMSG-26659]
Action.c(148): Found resource "https://vk.com/js/cmodules/web/ui_media_selector.70b2866e81074abd1d8a.js?ccfd7833432f69a0cf1445283c28c08a" in HTML "https://vk.com/feed"  	[MsgId: MMSG-26659]
Action.c(148): Found resource "https://vk.com/js/cmodules/web/emoji.f1b0961530d63a45108a.js?ac4d19e862bff8c503a8f5a77c71db52" in HTML "https://vk.com/feed"  	[MsgId: MMSG-26659]
Action.c(148): Found resource "https://vk.com/js/cmodules/web/poster.366410cff215caf8d961.js?e79d40d079b57be20c87dae251c3f2b3" in HTML "https://vk.com/feed"  	[MsgId: MMSG-26659]
Action.c(148): Found resource "https://vk.com/js/cmodules/bundles/vendors.70cc452207d7ab2329a5.js?1d1c845c51f848b67a36" in HTML "https://vk.com/feed"  	[MsgId: MMSG-26659]
Action.c(148): Found resource "https://vk.com/js/cmodules/web/stories.998a4c5305c79f30280d.js?8ec4567521d651dac10c9e5bdc8f20dd" in HTML "https://vk.com/feed"  	[MsgId: MMSG-26659]
Action.c(148): Found resource "https://vk.com/js/cmodules/bundles/2a07abfbd40f8c4643e6e2ece64890b7.3b736c8d8102825e57dc.js?361c7d30d2ff0ac91182" in HTML "https://vk.com/feed"  	[MsgId: MMSG-26659]
Action.c(148): Found resource "https://vk.com/js/cmodules/web/stories_publisher.7a196e17a016217224f1.js?1806928a934cef5619efc509bac5b839" in HTML "https://vk.com/feed"  	[MsgId: MMSG-26659]
Action.c(148): Found resource "https://vk.com/js/cmodules/bundles/d12423227016dc98c5accc7443eabdcc.bbc554f7742b2e21b2d9.js?0bea1f720a477a03680d" in HTML "https://vk.com/feed"  	[MsgId: MMSG-26659]
Action.c(148): Found resource "https://vk.com/js/cmodules/web/page.df38b184fc8b948df737.js?2457c4579163fd8df1b89a674721044a" in HTML "https://vk.com/feed"  	[MsgId: MMSG-26659]
Action.c(148): Found resource "https://vk.com/js/cmodules/bundles/d14210db89a37ef97acca2f934f28b98.dcff3405649fe0bf902d.js?2c8a4e457904623dc2e8" in HTML "https://vk.com/feed"  	[MsgId: MMSG-26659]
Action.c(148): Found resource "https://vk.com/js/cmodules/web/feed.43af6326a70191ac839d.js?926059398821ccf76196d3f4be2550b8" in HTML "https://vk.com/feed"  	[MsgId: MMSG-26659]
Action.c(148): Resource "https://vk.com/js/cmodules/web/time_spent.10cb2e76ce9c3da97b28.js?8391bb65d560db0e5115" is in the cache already and will not be downloaded again  	[MsgId: MMSG-26655]
Action.c(148): Found resource "https://vk.com/js/al/mrtarg.js?1146267795" in HTML "https://vk.com/feed"  	[MsgId: MMSG-26659]
Action.c(148): Resource "https://vk.com/js/cmodules/web/page_layout.c24813bab9859633659b.js?2ac4f93f50318b94d97f" is in the cache already and will not be downloaded again  	[MsgId: MMSG-26655]
Action.c(148): Resource "https://vk.com/js/cmodules/web/likes.641ad33059d5abc81fe3.js?646c0c29843d2b7f36bca33af97c8e51" is in the cache already and will not be downloaded again  	[MsgId: MMSG-26655]
Action.c(148): Resource "https://vk.com/js/cmodules/web/grip.2087c2f9439be42e0de4.js?7c05e6cf5924f34f4439dac108e36e8d" is in the cache already and will not be downloaded again  	[MsgId: MMSG-26655]
Action.c(148): Found resource "https://vk.com/js/cmodules/bundles/37d6fe1fee6fb6accf5867cbca2cda9c.4e530afdef35f11d2df5.js?7d2f356e98d88e1ce67d" in HTML "https://vk.com/feed"  	[MsgId: MMSG-26659]
Action.c(148): Found resource "https://vk.com/js/cmodules/web/notifier.d538b05bb118b08c3545.js?157160b4f487cd8588a8e661189c248b" in HTML "https://vk.com/feed"  	[MsgId: MMSG-26659]
Action.c(148): Found resource "https://vk.com/images/camera_50.png?ava=1" in HTML "https://vk.com/feed"  	[MsgId: MMSG-26659]
Action.c(148): Found resource "https://sun9-65.userapi.com/c846417/v846417447/d46dd/8cxDIyqNHR4.jpg" in HTML "https://vk.com/feed"  	[MsgId: MMSG-26659]
Action.c(148): Found resource "https://sun9-30.userapi.com/c824602/v824602865/c20a8/0rmok75q9N0.jpg" in HTML "https://vk.com/feed"  	[MsgId: MMSG-26659]
Action.c(148): Found resource "https://sun9-38.userapi.com/c855036/v855036272/185515/7u0j_4yS_nw.jpg" in HTML "https://vk.com/feed"  	[MsgId: MMSG-26659]
Action.c(148): Found resource "https://sun9-19.userapi.com/c206620/v206620827/3828c/elFTIbHyC94.jpg" in HTML "https://vk.com/feed"  	[MsgId: MMSG-26659]
Action.c(148): Found resource "https://sun1-25.userapi.com/c604328/v604328207/199ee/XzUyPBGkiU0.jpg?ava=1" in HTML "https://vk.com/feed"  	[MsgId: MMSG-26659]
Action.c(148): Found resource "https://sun1-25.userapi.com/c850728/v850728797/1d064/N0d6qdE5i0M.jpg?ava=1" in HTML "https://vk.com/feed"  	[MsgId: MMSG-26659]
Action.c(148): Registered web_reg_find successful for "Text=Что у Вас нового?" (count=1)  	[MsgId: MMSG-26364]
Action.c(148): web_url("vk.com_2") was successful, 1011319 body bytes, 14922 header bytes  	[MsgId: MMSG-26386]
Action.c(158): web_add_auto_header("Origin") started  	[MsgId: MMSG-26355]
Action.c(158): web_add_auto_header("Origin") was successful  	[MsgId: MMSG-26392]
Action.c(161): web_add_auto_header("X-Requested-With") started  	[MsgId: MMSG-26355]
Action.c(161): web_add_auto_header("X-Requested-With") was successful  	[MsgId: MMSG-26392]
Action.c(164): web_submit_data("al_feed.php") started  	[MsgId: MMSG-26355]
Action.c(164): web_submit_data("al_feed.php") was successful, 553 body bytes, 342 header bytes  	[MsgId: MMSG-26386]
Action.c(184): web_remove_auto_header("Origin") started  	[MsgId: MMSG-26355]
Action.c(184): Previous automatically added web header for "Origin" removed  	[MsgId: MMSG-26587]
Action.c(184): web_remove/revert_auto_header("Origin") was successful  	[MsgId: MMSG-26392]
Action.c(186): web_remove_auto_header("X-Requested-With") started  	[MsgId: MMSG-26355]
Action.c(186): Previous automatically added web header for "X-Requested-With" removed  	[MsgId: MMSG-26587]
Action.c(186): web_remove/revert_auto_header("X-Requested-With") was successful  	[MsgId: MMSG-26392]
Action.c(188): web_submit_data("al_im.php_2") started  	[MsgId: MMSG-26355]
Action.c(188): web_submit_data("al_im.php_2") was successful, 2472 body bytes, 336 header bytes  	[MsgId: MMSG-26386]
Action.c(201): web_add_auto_header("Origin") started  	[MsgId: MMSG-26355]
Action.c(201): web_add_auto_header("Origin") was successful  	[MsgId: MMSG-26392]
Action.c(204): web_add_auto_header("X-Requested-With") started  	[MsgId: MMSG-26355]
Action.c(204): web_add_auto_header("X-Requested-With") was successful  	[MsgId: MMSG-26392]
Action.c(207): web_submit_data("al_im.php_3") started  	[MsgId: MMSG-26355]
Action.c(207): web_submit_data("al_im.php_3") was successful, 81 body bytes, 341 header bytes  	[MsgId: MMSG-26386]
Action.c(220): web_remove_auto_header("Origin") started  	[MsgId: MMSG-26355]
Action.c(220): Previous automatically added web header for "Origin" removed  	[MsgId: MMSG-26587]
Action.c(220): web_remove/revert_auto_header("Origin") was successful  	[MsgId: MMSG-26392]
Action.c(222): web_remove_auto_header("X-Requested-With") started  	[MsgId: MMSG-26355]
Action.c(222): Previous automatically added web header for "X-Requested-With" removed  	[MsgId: MMSG-26587]
Action.c(222): web_remove/revert_auto_header("X-Requested-With") was successful  	[MsgId: MMSG-26392]
Action.c(224): web_submit_data("al_im.php_4") started  	[MsgId: MMSG-26355]
Action.c(224): web_submit_data("al_im.php_4") was successful, 4011 body bytes, 336 header bytes  	[MsgId: MMSG-26386]
Action.c(239): web_remove_auto_header("Origin") started  	[MsgId: MMSG-26355]
Action.c(239): Warning -26590: web_remove/revert_auto_header for "Origin" had no effect  	[MsgId: MWAR-26590]
Action.c(239): web_remove/revert_auto_header("Origin") highest severity level was "warning"  	[MsgId: MMSG-26391]
Action.c(241): web_remove_auto_header("X-Requested-With") started  	[MsgId: MMSG-26355]
Action.c(241): Warning -26590: web_remove/revert_auto_header for "X-Requested-With" had no effect  	[MsgId: MWAR-26590]
Action.c(241): web_remove/revert_auto_header("X-Requested-With") highest severity level was "warning"  	[MsgId: MMSG-26391]
Action.c(243): web_submit_data("notifier.php") started  	[MsgId: MMSG-26355]
Action.c(243): web_submit_data("notifier.php") was successful, 205 body bytes, 335 header bytes  	[MsgId: MMSG-26386]
Action.c(256): Notify: Transaction "1_login" ended with a "Pass" status (Duration: 1,9570 Wasted Time: 0,2318).
Action.c(258): Notify: Transaction "2_goto_album" started.
Action.c(260): web_add_header("Upgrade-Insecure-Requests") started  	[MsgId: MMSG-26355]
Action.c(260): web_add_header("Upgrade-Insecure-Requests") was successful  	[MsgId: MMSG-26392]
Action.c(269): web_reg_save_param_regexp started  	[MsgId: MMSG-26355]
Action.c(269): Registering web_reg_save_param_regexp was successful  	[MsgId: MMSG-26390]
Action.c(284): web_reg_save_param_regexp started  	[MsgId: MMSG-26355]
Action.c(284): Registering web_reg_save_param_regexp was successful  	[MsgId: MMSG-26390]
Action.c(299): web_reg_save_param_regexp started  	[MsgId: MMSG-26355]
Action.c(299): Registering web_reg_save_param_regexp was successful  	[MsgId: MMSG-26390]
Action.c(308): web_url("al_photos.php") started  	[MsgId: MMSG-26355]
Action.c(308): web_url("al_photos.php") was successful, 12698 body bytes, 337 header bytes  	[MsgId: MMSG-26386]
Action.c(318): web_add_auto_header("Origin") started  	[MsgId: MMSG-26355]
Action.c(318): web_add_auto_header("Origin") was successful  	[MsgId: MMSG-26392]
Action.c(321): web_add_auto_header("X-Requested-With") started  	[MsgId: MMSG-26355]
Action.c(321): web_add_auto_header("X-Requested-With") was successful  	[MsgId: MMSG-26392]
Action.c(324): web_submit_data("al_video.php_14") started  	[MsgId: MMSG-26355]
Action.c(324): web_submit_data("al_video.php_14") was successful, 76 body bytes, 341 header bytes  	[MsgId: MMSG-26386]
Action.c(342): web_remove_auto_header("Origin") started  	[MsgId: MMSG-26355]
Action.c(342): Previous automatically added web header for "Origin" removed  	[MsgId: MMSG-26587]
Action.c(342): web_remove/revert_auto_header("Origin") was successful  	[MsgId: MMSG-26392]
Action.c(344): web_remove_auto_header("X-Requested-With") started  	[MsgId: MMSG-26355]
Action.c(344): Previous automatically added web header for "X-Requested-With" removed  	[MsgId: MMSG-26587]
Action.c(344): web_remove/revert_auto_header("X-Requested-With") was successful  	[MsgId: MMSG-26392]
Action.c(346): web_submit_data("al_video.php_15") started  	[MsgId: MMSG-26355]
Action.c(346): web_submit_data("al_video.php_15") was successful, 78 body bytes, 334 header bytes  	[MsgId: MMSG-26386]
Action.c(383): web_add_auto_header("X-Requested-With") started  	[MsgId: MMSG-26355]
Action.c(383): web_add_auto_header("X-Requested-With") was successful  	[MsgId: MMSG-26392]
Action.c(386): web_submit_data("ads_rotate.php_2") started  	[MsgId: MMSG-26355]
Action.c(386): web_submit_data("ads_rotate.php_2") was successful, 5587 body bytes, 343 header bytes  	[MsgId: MMSG-26386]
Action.c(405): web_add_auto_header("Origin") started  	[MsgId: MMSG-26355]
Action.c(405): web_add_auto_header("Origin") was successful  	[MsgId: MMSG-26392]
Action.c(408): web_reg_save_param_json started  	[MsgId: MMSG-26355]
Action.c(408): Registering web_reg_save_param_json was successful  	[MsgId: MMSG-26390]
Action.c(415): web_reg_save_param_json started  	[MsgId: MMSG-26355]
Action.c(415): Registering web_reg_save_param_json was successful  	[MsgId: MMSG-26390]
Action.c(422): web_reg_save_param_json started  	[MsgId: MMSG-26355]
Action.c(422): Registering web_reg_save_param_json was successful  	[MsgId: MMSG-26390]
Action.c(429): web_reg_save_param_json started  	[MsgId: MMSG-26355]
Action.c(429): Registering web_reg_save_param_json was successful  	[MsgId: MMSG-26390]
Action.c(437): web_submit_data("upload_fails.php") started  	[MsgId: MMSG-26355]
Action.c(437): web_submit_data("upload_fails.php") was successful, 217 body bytes, 342 header bytes  	[MsgId: MMSG-26386]
Action.c(458): web_remove_auto_header("X-Requested-With") started  	[MsgId: MMSG-26355]
Action.c(458): Previous automatically added web header for "X-Requested-With" removed  	[MsgId: MMSG-26587]
Action.c(458): web_remove/revert_auto_header("X-Requested-With") was successful  	[MsgId: MMSG-26392]
Action.c(460): web_add_header("Upgrade-Insecure-Requests") started  	[MsgId: MMSG-26355]
Action.c(460): web_add_header("Upgrade-Insecure-Requests") was successful  	[MsgId: MMSG-26392]
Action.c(463): web_submit_data("upload.php") started  	[MsgId: MMSG-26355]
Action.c(463): web_submit_data("upload.php") was successful, 193 body bytes, 331 header bytes  	[MsgId: MMSG-26386]
Action.c(484): web_add_header("X-Requested-With") started  	[MsgId: MMSG-26355]
Action.c(484): web_add_header("X-Requested-With") was successful  	[MsgId: MMSG-26392]
Action.c(487): web_submit_data("upload_fails.php_2") started  	[MsgId: MMSG-26355]
Action.c(487): web_submit_data("upload_fails.php_2") was successful, 78 body bytes, 341 header bytes  	[MsgId: MMSG-26386]
Action.c(508): web_add_header("Origin") started  	[MsgId: MMSG-26355]
Action.c(508): web_add_header("Origin") was successful  	[MsgId: MMSG-26392]
Action.c(511): web_submit_data("al_photos.php_2") started  	[MsgId: MMSG-26355]
Action.c(511): web_submit_data("al_photos.php_2") was successful, 78 body bytes, 334 header bytes  	[MsgId: MMSG-26386]
Action.c(525): web_remove_auto_header("X-Requested-With") started  	[MsgId: MMSG-26355]
Action.c(525): Warning -26590: web_remove/revert_auto_header for "X-Requested-With" had no effect  	[MsgId: MWAR-26590]
Action.c(525): web_remove/revert_auto_header("X-Requested-With") highest severity level was "warning"  	[MsgId: MMSG-26391]
Action.c(528): web_reg_find started  	[MsgId: MMSG-26355]
Action.c(528): Registering web_reg_find was successful  	[MsgId: MMSG-26390]
Action.c(531): web_url("albums8140717") started  	[MsgId: MMSG-26355]
Action.c(531): Resource "https://vk.com/css/al/common.css?78512642150" is in the cache already and will not be downloaded again  	[MsgId: MMSG-26655]
Action.c(531): Resource "https://vk.com/css/al/base.css?1" is in the cache already and will not be downloaded again  	[MsgId: MMSG-26655]
Action.c(531): Resource "https://vk.com/css/al/fonts_utf.css?1" is in the cache already and will not be downloaded again  	[MsgId: MMSG-26655]
Action.c(531): Resource "https://vk.com/css/al/fonts_cnt.css?6906461068" is in the cache already and will not be downloaded again  	[MsgId: MMSG-26655]
Action.c(531): Found resource "https://vk.com/css/al/photos.css?29580926272" in HTML "https://vk.com/albums564890481"  	[MsgId: MMSG-26659]
Action.c(531): Found resource "https://vk.com/css/al/privacy.css?19841148239" in HTML "https://vk.com/albums564890481"  	[MsgId: MMSG-26659]
Action.c(531): Found resource "https://vk.com/css/al/photos_add.css?29678466016" in HTML "https://vk.com/albums564890481"  	[MsgId: MMSG-26659]
Action.c(531): Resource "https://vk.com/css/ui_controls.css?23624132863" is in the cache already and will not be downloaded again  	[MsgId: MMSG-26655]
Action.c(531): Found resource "https://vk.com/css/al/photoview.css?37624570358" in HTML "https://vk.com/albums564890481"  	[MsgId: MMSG-26659]
Action.c(531): Resource "https://vk.com/css/al/ui_common.css?21938866008" is in the cache already and will not be downloaded again  	[MsgId: MMSG-26655]
Action.c(531): Resource "https://vk.com/css/al/mrtarg.css?3142794554" is in the cache already and will not be downloaded again  	[MsgId: MMSG-26655]
Action.c(531): Resource "https://vk.com/css/al/notifier.css?40248178530" is in the cache already and will not be downloaded again  	[MsgId: MMSG-26655]
Action.c(531): Resource "https://vk.com/js/loader_nav16084115_0.js" is in the cache already and will not be downloaded again  	[MsgId: MMSG-26655]
Action.c(531): Resource "https://vk.com/js/cmodules/bundles/audioplayer.a2bcf5cd167220bca5c1.js?806c0812db4504deb56e" is in the cache already and will not be downloaded again  	[MsgId: MMSG-26655]
Action.c(531): Resource "https://vk.com/js/cmodules/bundles/common.03f30211b5520cead136.js?2ccb0ce9a1fab3ae1962" is in the cache already and will not be downloaded again  	[MsgId: MMSG-26655]
Action.c(531): Resource "https://vk.com/js/cmodules/web/common_web.461df297c081df34980c.js?44d14cb771b28aff1d1bf657c966e497" is in the cache already and will not be downloaded again  	[MsgId: MMSG-26655]
Action.c(531): Resource "https://vk.com/js/lang0_0.js?26359482" is in the cache already and will not be downloaded again  	[MsgId: MMSG-26655]
Action.c(531): Resource "https://vk.com/js/lib/px.js?ch=1" is in the cache already and will not be downloaded again  	[MsgId: MMSG-26655]
Action.c(531): Resource "https://vk.com/js/lib/px.js?ch=2" is in the cache already and will not be downloaded again  	[MsgId: MMSG-26655]
Action.c(531): Found resource "https://vk.com/js/cmodules/web/photos.88c3495c7ff00037316a.js?5f78fc1ce633548c25731913cfc75c32" in HTML "https://vk.com/albums564890481"  	[MsgId: MMSG-26659]
Action.c(531): Found resource "https://vk.com/js/cmodules/web/privacy.6287438aa73531d02861.js?5288b9a368cce6e2bd59a8f09af26cfe" in HTML "https://vk.com/albums564890481"  	[MsgId: MMSG-26659]
Action.c(531): Found resource "https://vk.com/js/al/upload.js?3579182903" in HTML "https://vk.com/albums564890481"  	[MsgId: MMSG-26659]
Action.c(531): Found resource "https://vk.com/js/cmodules/web/photos_add.df18cb7f32c1bfa5e725.js?724743c17a7ee24e911de1b00a41ce08" in HTML "https://vk.com/albums564890481"  	[MsgId: MMSG-26659]
Action.c(531): Found resource "https://vk.com/js/al/sorter.js?1976440538" in HTML "https://vk.com/albums564890481"  	[MsgId: MMSG-26659]
Action.c(531): Resource "https://vk.com/js/lib/ui_controls.js?847549402" is in the cache already and will not be downloaded again  	[MsgId: MMSG-26655]
Action.c(531): Resource "https://vk.com/js/cmodules/bundles/d12423227016dc98c5accc7443eabdcc.bbc554f7742b2e21b2d9.js?0bea1f720a477a03680d" is in the cache already and will not be downloaded again  	[MsgId: MMSG-26655]
Action.c(531): Resource "https://vk.com/js/cmodules/bundles/7ff0c31fd89ceca852f0cf5e2f61c8c8.82af4873aae9113399de.js?7ad525e8c5beefe0e301" is in the cache already and will not be downloaded again  	[MsgId: MMSG-26655]
Action.c(531): Found resource "https://vk.com/js/cmodules/web/photoview.4ba8b79c32162f9afce6.js?aba02e19577da7fc8cd58c2ce1768faf" in HTML "https://vk.com/albums564890481"  	[MsgId: MMSG-26659]
Action.c(531): Resource "https://vk.com/js/cmodules/bundles/6f8e323c10c73c1d3201e061de48a706.3a587b6a7b84fae81003.js?99c22e8228dd19ecbae7" is in the cache already and will not be downloaded again  	[MsgId: MMSG-26655]
Action.c(531): Resource "https://vk.com/js/cmodules/web/ui_common.63e77cc0588a65f4963b.js?adad1034733877c82492a7832b73fd14" is in the cache already and will not be downloaded again  	[MsgId: MMSG-26655]
Action.c(531): Resource "https://vk.com/js/cmodules/web/time_spent.10cb2e76ce9c3da97b28.js?8391bb65d560db0e5115" is in the cache already and will not be downloaded again  	[MsgId: MMSG-26655]
Action.c(531): Resource "https://vk.com/js/al/mrtarg.js?1146267795" is in the cache already and will not be downloaded again  	[MsgId: MMSG-26655]
Action.c(531): Resource "https://vk.com/js/cmodules/web/page_layout.c24813bab9859633659b.js?2ac4f93f50318b94d97f" is in the cache already and will not be downloaded again  	[MsgId: MMSG-26655]
Action.c(531): Resource "https://vk.com/js/cmodules/web/likes.641ad33059d5abc81fe3.js?646c0c29843d2b7f36bca33af97c8e51" is in the cache already and will not be downloaded again  	[MsgId: MMSG-26655]
Action.c(531): Resource "https://vk.com/js/cmodules/web/grip.2087c2f9439be42e0de4.js?7c05e6cf5924f34f4439dac108e36e8d" is in the cache already and will not be downloaded again  	[MsgId: MMSG-26655]
Action.c(531): Resource "https://vk.com/js/cmodules/bundles/37d6fe1fee6fb6accf5867cbca2cda9c.4e530afdef35f11d2df5.js?7d2f356e98d88e1ce67d" is in the cache already and will not be downloaded again  	[MsgId: MMSG-26655]
Action.c(531): Resource "https://vk.com/js/cmodules/web/notifier.d538b05bb118b08c3545.js?157160b4f487cd8588a8e661189c248b" is in the cache already and will not be downloaded again  	[MsgId: MMSG-26655]
Action.c(531): Resource "https://vk.com/images/camera_50.png?ava=1" is in the cache already and will not be downloaded again  	[MsgId: MMSG-26655]
Action.c(531): Registered web_reg_find successful for "Text=Мои фотографии" (count=2)  	[MsgId: MMSG-26364]
Action.c(531): web_url("albums8140717") was successful, 189370 body bytes, 4639 header bytes  	[MsgId: MMSG-26386]
Action.c(541): Notify: Transaction "2_goto_album" ended with a "Pass" status (Duration: 0,9730 Wasted Time: 0,0838).
Action.c(544): Notify: Transaction "3_add_photo" started.
Action.c(547): web_add_header("Access-Control-Request-Method") started  	[MsgId: MMSG-26355]
Action.c(547): web_add_header("Access-Control-Request-Method") was successful  	[MsgId: MMSG-26392]
Action.c(550): web_add_auto_header("Origin") started  	[MsgId: MMSG-26355]
Action.c(550): web_add_auto_header("Origin") was successful  	[MsgId: MMSG-26392]
Action.c(553): web_custom_request("upload.php_2") started  	[MsgId: MMSG-26355]
Action.c(553): web_custom_request("upload.php_2") was successful, 20 body bytes, 423 header bytes  	[MsgId: MMSG-26386]
Action.c(570): web_reg_save_param_json started  	[MsgId: MMSG-26355]
Action.c(570): Registering web_reg_save_param_json was successful  	[MsgId: MMSG-26390]
Action.c(577): web_reg_save_param_json started  	[MsgId: MMSG-26355]
Action.c(577): Registering web_reg_save_param_json was successful  	[MsgId: MMSG-26390]
Action.c(584): web_submit_data("upload.php_3") started  	[MsgId: MMSG-26355]
Action.c(584): web_submit_data("upload.php_3") was successful, 524 body bytes, 424 header bytes  	[MsgId: MMSG-26386]
Action.c(597): web_add_auto_header("X-Requested-With") started  	[MsgId: MMSG-26355]
Action.c(597): web_add_auto_header("X-Requested-With") was successful  	[MsgId: MMSG-26392]
Action.c(600): web_submit_data("upload_fails.php_3") started  	[MsgId: MMSG-26355]
Action.c(600): web_submit_data("upload_fails.php_3") was successful, 78 body bytes, 341 header bytes  	[MsgId: MMSG-26386]
Action.c(624): web_reg_find started  	[MsgId: MMSG-26355]
Action.c(624): Registering web_reg_find was successful  	[MsgId: MMSG-26390]
Action.c(627): web_submit_data("al_photos.php_3") started  	[MsgId: MMSG-26355]
Action.c(627): Registered web_reg_find successful for "Text=Добавьте описание…" (count=1)  	[MsgId: MMSG-26364]
Action.c(627): web_submit_data("al_photos.php_3") was successful, 1518 body bytes, 343 header bytes  	[MsgId: MMSG-26386]
Action.c(649): Notify: Transaction "3_add_photo" ended with a "Pass" status (Duration: 2,5231 Wasted Time: 0,0212).
Action.c(654): Notify: Transaction "3_logout" started.
Action.c(656): web_remove_auto_header("Origin") started  	[MsgId: MMSG-26355]
Action.c(656): Previous automatically added web header for "Origin" removed  	[MsgId: MMSG-26587]
Action.c(656): web_remove/revert_auto_header("Origin") was successful  	[MsgId: MMSG-26392]
Action.c(658): web_remove_auto_header("X-Requested-With") started  	[MsgId: MMSG-26355]
Action.c(658): Previous automatically added web header for "X-Requested-With" removed  	[MsgId: MMSG-26587]
Action.c(658): web_remove/revert_auto_header("X-Requested-With") was successful  	[MsgId: MMSG-26392]
Action.c(660): web_add_header("Upgrade-Insecure-Requests") started  	[MsgId: MMSG-26355]
Action.c(660): web_add_header("Upgrade-Insecure-Requests") was successful  	[MsgId: MMSG-26392]
Action.c(663): web_reg_find started  	[MsgId: MMSG-26355]
Action.c(663): Registering web_reg_find was successful  	[MsgId: MMSG-26390]
Action.c(666): web_url("login.vk.com_2") started  	[MsgId: MMSG-26355]
Action.c(666): Redirecting "https://login.vk.com/?act=logout&hash=f55df2cd04d8e1274a&reason=tn&_origin=https://vk.com" onclick="if (checkEvent(event) === false) { window.AudioPlayer && AudioPlayer.clearAllCacheKeys(); window.Notifier &&reason=tn&_origin=https://vk.com" (redirection depth is 0)  	[MsgId: MMSG-26694]
Action.c(666): To location "https://vk.com/login.php?op=logout&hash=1581568936_ed453b6755473e6235&rnd=923433696"  	[MsgId: MMSG-26693]
Action.c(666): Redirecting "https://vk.com/login.php?op=logout&hash=1581568936_ed453b6755473e6235&rnd=923433696" (redirection depth is 1)  	[MsgId: MMSG-26694]
Action.c(666): To location "https://vk.com/"  	[MsgId: MMSG-26693]
Action.c(666): Resource "https://vk.com/css/al/common.css?78512642150" is in the cache already and will not be downloaded again  	[MsgId: MMSG-26655]
Action.c(666): Resource "https://vk.com/css/al/base.css?1" is in the cache already and will not be downloaded again  	[MsgId: MMSG-26655]
Action.c(666): Resource "https://vk.com/css/al/fonts_utf.css?1" is in the cache already and will not be downloaded again  	[MsgId: MMSG-26655]
Action.c(666): Resource "https://vk.com/css/al/fonts_cnt.css?6906461068" is in the cache already and will not be downloaded again  	[MsgId: MMSG-26655]
Action.c(666): Resource "https://vk.com/css/al/index.css?26421012089" is in the cache already and will not be downloaded again  	[MsgId: MMSG-26655]
Action.c(666): Resource "https://vk.com/css/al/login.css?34695318047" is in the cache already and will not be downloaded again  	[MsgId: MMSG-26655]
Action.c(666): Resource "https://vk.com/css/ui_controls.css?23624132863" is in the cache already and will not be downloaded again  	[MsgId: MMSG-26655]
Action.c(666): Resource "https://vk.com/css/al/ui_common.css?21938866008" is in the cache already and will not be downloaded again  	[MsgId: MMSG-26655]
Action.c(666): Resource "https://vk.com/js/loader_nav16084115_0.js" is in the cache already and will not be downloaded again  	[MsgId: MMSG-26655]
Action.c(666): Resource "https://vk.com/js/cmodules/bundles/audioplayer.a2bcf5cd167220bca5c1.js?806c0812db4504deb56e" is in the cache already and will not be downloaded again  	[MsgId: MMSG-26655]
Action.c(666): Resource "https://vk.com/js/cmodules/bundles/common.03f30211b5520cead136.js?2ccb0ce9a1fab3ae1962" is in the cache already and will not be downloaded again  	[MsgId: MMSG-26655]
Action.c(666): Resource "https://vk.com/js/cmodules/web/common_web.461df297c081df34980c.js?44d14cb771b28aff1d1bf657c966e497" is in the cache already and will not be downloaded again  	[MsgId: MMSG-26655]
Action.c(666): Resource "https://vk.com/js/lang0_0.js?26359482" is in the cache already and will not be downloaded again  	[MsgId: MMSG-26655]
Action.c(666): Resource "https://vk.com/js/lib/px.js?ch=1" is in the cache already and will not be downloaded again  	[MsgId: MMSG-26655]
Action.c(666): Resource "https://vk.com/js/lib/px.js?ch=2" is in the cache already and will not be downloaded again  	[MsgId: MMSG-26655]
Action.c(666): Resource "https://vk.com/js/cmodules/web/index.2dfd77f8d27c543c26c7.js?05243ef333f025db60ee4e481dd47d1f" is in the cache already and will not be downloaded again  	[MsgId: MMSG-26655]
Action.c(666): Resource "https://vk.com/js/lib/ui_controls.js?847549402" is in the cache already and will not be downloaded again  	[MsgId: MMSG-26655]
Action.c(666): Resource "https://vk.com/js/cmodules/web/time_spent.10cb2e76ce9c3da97b28.js?8391bb65d560db0e5115" is in the cache already and will not be downloaded again  	[MsgId: MMSG-26655]
Action.c(666): Resource "https://vk.com/js/cmodules/web/page_layout.c24813bab9859633659b.js?2ac4f93f50318b94d97f" is in the cache already and will not be downloaded again  	[MsgId: MMSG-26655]
Action.c(666): Resource "https://vk.com/js/cmodules/bundles/6f8e323c10c73c1d3201e061de48a706.3a587b6a7b84fae81003.js?99c22e8228dd19ecbae7" is in the cache already and will not be downloaded again  	[MsgId: MMSG-26655]
Action.c(666): Resource "https://vk.com/js/cmodules/web/ui_common.63e77cc0588a65f4963b.js?adad1034733877c82492a7832b73fd14" is in the cache already and will not be downloaded again  	[MsgId: MMSG-26655]
Action.c(666): Resource "https://vk.com/js/cmodules/web/likes.641ad33059d5abc81fe3.js?646c0c29843d2b7f36bca33af97c8e51" is in the cache already and will not be downloaded again  	[MsgId: MMSG-26655]
Action.c(666): Resource "https://vk.com/js/cmodules/web/grip.2087c2f9439be42e0de4.js?7c05e6cf5924f34f4439dac108e36e8d" is in the cache already and will not be downloaded again  	[MsgId: MMSG-26655]
Action.c(666): Found resource "https://vk.com/images/camera_200.png?ava=1" in HTML "https://vk.com/"  	[MsgId: MMSG-26659]
Action.c(666): Found resource "https://vk.com/images/login/compact_mobile_promo.png" in HTML "https://vk.com/"  	[MsgId: MMSG-26659]
Action.c(666): Registered web_reg_find successful for "Text=Впервые ВКонтакте?" (count=1)  	[MsgId: MMSG-26364]
Action.c(666): web_url("login.vk.com_2") was successful, 59477 body bytes, 4846 header bytes  	[MsgId: MMSG-26386]
Action.c(676): Notify: Transaction "3_logout" ended with a "Pass" status (Duration: 0,1730 Wasted Time: 0,0095).
Ending action Action.
Ending iteration 1.
Ending Vuser...
Starting action vuser_end.
Ending action vuser_end.
Vuser Terminated.
